{ "level" : "INFO" , "datetime" : "2020-07-10T17:45:42-0300" , "file" : "StartupInfoLogger.java" , "line" : 50 , "msg" : "Starting Application on unknown.lan with PID 81964 (/Users/satelier.martin/Documents/IdeaProjects/register-customer-api2/target/classes started by satelier.martin in /Users/satelier.martin/Documents/IdeaProjects/register-customer-api2)" }
{ "level" : "INFO" , "datetime" : "2020-07-10T17:45:42-0300" , "file" : "SpringApplication.java" , "line" : 652 , "msg" : "The following profiles are active: dev" }
{ "level" : "INFO" , "datetime" : "2020-07-10T17:45:44-0300" , "file" : "RepositoryConfigurationDelegate.java" , "line" : 126 , "msg" : "Bootstrapping Spring Data repositories in DEFAULT mode." }
{ "level" : "INFO" , "datetime" : "2020-07-10T17:45:44-0300" , "file" : "RepositoryConfigurationDelegate.java" , "line" : 182 , "msg" : "Finished Spring Data repository scanning in 58ms. Found 0 repository interfaces." }
{ "level" : "INFO" , "datetime" : "2020-07-10T17:45:45-0300" , "file" : "TomcatWebServer.java" , "line" : 90 , "msg" : "Tomcat initialized with port(s): 8080 (http)" }
{ "level" : "INFO" , "datetime" : "2020-07-10T17:45:45-0300" , "file" : "DirectJDKLog.java" , "line" : 173 , "msg" : "Initializing ProtocolHandler ["http-nio-8080"]" }
{ "level" : "INFO" , "datetime" : "2020-07-10T17:45:45-0300" , "file" : "DirectJDKLog.java" , "line" : 173 , "msg" : "Starting service [Tomcat]" }
{ "level" : "INFO" , "datetime" : "2020-07-10T17:45:45-0300" , "file" : "DirectJDKLog.java" , "line" : 173 , "msg" : "Starting Servlet engine: [Apache Tomcat/9.0.26]" }
{ "level" : "INFO" , "datetime" : "2020-07-10T17:45:45-0300" , "file" : "DirectJDKLog.java" , "line" : 173 , "msg" : "Initializing Spring embedded WebApplicationContext" }
{ "level" : "DEBUG" , "datetime" : "2020-07-10T17:45:45-0300" , "file" : "ServletWebServerApplicationContext.java" , "line" : 278 , "msg" : "Published root WebApplicationContext as ServletContext attribute with name [org.springframework.web.context.WebApplicationContext.ROOT]" }
{ "level" : "INFO" , "datetime" : "2020-07-10T17:45:45-0300" , "file" : "ServletWebServerApplicationContext.java" , "line" : 284 , "msg" : "Root WebApplicationContext: initialization completed in 2962 ms" }
{ "level" : "INFO" , "datetime" : "2020-07-10T17:45:46-0300" , "file" : "SLF4JLogger.java" , "line" : 71 , "msg" : "Cluster created with settings {hosts=[localhost:27017], mode=MULTIPLE, requiredClusterType=UNKNOWN, serverSelectionTimeout='30000 ms', maxWaitQueueSize=500}" }
{ "level" : "INFO" , "datetime" : "2020-07-10T17:45:46-0300" , "file" : "SLF4JLogger.java" , "line" : 71 , "msg" : "Adding discovered server localhost:27017 to client view of cluster" }
{ "level" : "INFO" , "datetime" : "2020-07-10T17:45:46-0300" , "file" : "SLF4JLogger.java" , "line" : 71 , "msg" : "Opened connection [connectionId{localValue:1, serverValue:16}] to localhost:27017" }
{ "level" : "INFO" , "datetime" : "2020-07-10T17:45:46-0300" , "file" : "SLF4JLogger.java" , "line" : 71 , "msg" : "Monitor thread successfully connected to server with description ServerDescription{address=localhost:27017, type=STANDALONE, state=CONNECTED, ok=true, version=ServerVersion{versionList=[3, 6, 2]}, minWireVersion=0, maxWireVersion=6, maxDocumentSize=16777216, logicalSessionTimeoutMinutes=30, roundTripTimeNanos=6801101}" }
{ "level" : "INFO" , "datetime" : "2020-07-10T17:45:46-0300" , "file" : "SLF4JLogger.java" , "line" : 71 , "msg" : "Discovered cluster type of STANDALONE" }
{ "level" : "WARN" , "datetime" : "2020-07-10T17:45:47-0300" , "file" : "CustomConversions.java" , "line" : 207 , "msg" : "Registering converter from class java.time.LocalDateTime to class java.time.Instant as reading converter although it doesn't convert from a store-supported type! You might wanna check you annotation setup at the converter implementation." }
{ "level" : "WARN" , "datetime" : "2020-07-10T17:45:47-0300" , "file" : "CustomConversions.java" , "line" : 207 , "msg" : "Registering converter from class java.time.Instant to class java.time.LocalDateTime as reading converter although it doesn't convert from a store-supported type! You might wanna check you annotation setup at the converter implementation." }
{ "level" : "WARN" , "datetime" : "2020-07-10T17:45:47-0300" , "file" : "CustomConversions.java" , "line" : 207 , "msg" : "Registering converter from class java.time.LocalDateTime to class java.time.Instant as reading converter although it doesn't convert from a store-supported type! You might wanna check you annotation setup at the converter implementation." }
{ "level" : "WARN" , "datetime" : "2020-07-10T17:45:47-0300" , "file" : "CustomConversions.java" , "line" : 207 , "msg" : "Registering converter from class java.time.Instant to class java.time.LocalDateTime as reading converter although it doesn't convert from a store-supported type! You might wanna check you annotation setup at the converter implementation." }
{ "level" : "DEBUG" , "datetime" : "2020-07-10T17:45:48-0300" , "file" : "SimpleUrlHandlerMapping.java" , "line" : 139 , "msg" : "Patterns [/**/favicon.ico] in 'faviconHandlerMapping'" }
{ "level" : "INFO" , "datetime" : "2020-07-10T17:45:49-0300" , "file" : "ExecutorConfigurationSupport.java" , "line" : 171 , "msg" : "Initializing ExecutorService 'applicationTaskExecutor'" }
{ "level" : "DEBUG" , "datetime" : "2020-07-10T17:45:49-0300" , "file" : "RequestMappingHandlerAdapter.java" , "line" : 620 , "msg" : "ControllerAdvice beans: 0 @ModelAttribute, 0 @InitBinder, 1 RequestBodyAdvice, 2 ResponseBodyAdvice" }
{ "level" : "DEBUG" , "datetime" : "2020-07-10T17:45:49-0300" , "file" : "AbstractHandlerMethodMapping.java" , "line" : 351 , "msg" : "5 mappings in 'requestMappingHandlerMapping'" }
{ "level" : "DEBUG" , "datetime" : "2020-07-10T17:45:49-0300" , "file" : "SimpleUrlHandlerMapping.java" , "line" : 139 , "msg" : "Patterns [/webjars/**, /**] in 'resourceHandlerMapping'" }
{ "level" : "DEBUG" , "datetime" : "2020-07-10T17:45:49-0300" , "file" : "ExceptionHandlerExceptionResolver.java" , "line" : 303 , "msg" : "ControllerAdvice beans: 0 @ExceptionHandler, 2 ResponseBodyAdvice" }
{ "level" : "INFO" , "datetime" : "2020-07-10T17:45:50-0300" , "file" : "EndpointLinksResolver.java" , "line" : 58 , "msg" : "Exposing 2 endpoint(s) beneath base path '/actuator'" }
{ "level" : "INFO" , "datetime" : "2020-07-10T17:45:50-0300" , "file" : "DirectJDKLog.java" , "line" : 173 , "msg" : "Starting ProtocolHandler ["http-nio-8080"]" }
{ "level" : "INFO" , "datetime" : "2020-07-10T17:45:50-0300" , "file" : "TomcatWebServer.java" , "line" : 202 , "msg" : "Tomcat started on port(s): 8080 (http) with context path ''" }
{ "level" : "INFO" , "datetime" : "2020-07-10T17:45:50-0300" , "file" : "StartupInfoLogger.java" , "line" : 59 , "msg" : "Started Application in 8.586 seconds (JVM running for 14.935)" }
{ "level" : "INFO" , "datetime" : "2020-07-10T17:45:52-0300" , "file" : "DirectJDKLog.java" , "line" : 173 , "msg" : "Initializing Spring DispatcherServlet 'dispatcherServlet'" }
{ "level" : "INFO" , "datetime" : "2020-07-10T17:45:52-0300" , "file" : "FrameworkServlet.java" , "line" : 525 , "msg" : "Initializing Servlet 'dispatcherServlet'" }
{ "level" : "DEBUG" , "datetime" : "2020-07-10T17:45:52-0300" , "file" : "DispatcherServlet.java" , "line" : 526 , "msg" : "Detected StandardServletMultipartResolver" }
{ "level" : "DEBUG" , "datetime" : "2020-07-10T17:45:52-0300" , "file" : "FrameworkServlet.java" , "line" : 542 , "msg" : "enableLoggingRequestDetails='false': request parameters and headers will be masked to prevent unsafe logging of potentially sensitive data" }
{ "level" : "INFO" , "datetime" : "2020-07-10T17:45:52-0300" , "file" : "FrameworkServlet.java" , "line" : 547 , "msg" : "Completed initialization in 17 ms" }
{ "level" : "DEBUG" , "datetime" : "2020-07-10T17:45:52-0300" , "file" : "LogFormatUtils.java" , "line" : 91 , "msg" : "GET "/customers", parameters={}" }
{ "level" : "DEBUG" , "datetime" : "2020-07-10T17:45:52-0300" , "file" : "AbstractHandlerMapping.java" , "line" : 421 , "msg" : "Mapped to public com.paypertic.filter.util.models.Page<com.huawei.models.CustomerModel> com.huawei.controllers.CustomerController.search(javax.servlet.http.HttpServletRequest)" }
{ "level" : "INFO" , "datetime" : "2020-07-10T17:45:53-0300" , "file" : "SLF4JLogger.java" , "line" : 71 , "msg" : "Opened connection [connectionId{localValue:2, serverValue:17}] to localhost:27017" }
{ "level" : "DEBUG" , "datetime" : "2020-07-10T17:45:53-0300" , "file" : "AbstractMessageConverterMethodProcessor.java" , "line" : 269 , "msg" : "Using 'application/json', given [*/*] and supported [application/json, application/*+json, application/json, application/*+json]" }
{ "level" : "DEBUG" , "datetime" : "2020-07-10T17:45:53-0300" , "file" : "LogFormatUtils.java" , "line" : 91 , "msg" : "Writing [com.paypertic.filter.util.models.Page@16b3d0df]" }
{ "level" : "DEBUG" , "datetime" : "2020-07-10T17:45:53-0300" , "file" : "FrameworkServlet.java" , "line" : 1131 , "msg" : "Completed 200 OK" }
